2024-03-13T14:57:09.144+0700 INFO Starting SareetaApplication on MacTung.local with PID 75545 (/Users/vuthanhtung/udacity/e-commerce/target/classes started by vuthanhtung in /Users/vuthanhtung/udacity/e-commerce)
2024-03-13T14:57:09.151+0700 DEBUG Running with Spring Boot v2.3.2.RELEASE, Spring v5.2.8.RELEASE
2024-03-13T14:57:09.152+0700 INFO No active profile set, falling back to default profiles: default
2024-03-13T14:57:13.855+0700 DEBUG Filter 'JWTAuthenticationVerficationFilter' configured for use
2024-03-13T14:57:14.615+0700 INFO Started SareetaApplication in 5.859 seconds (JVM running for 7.301)
2024-03-13T14:58:56.277+0700 INFO Starting SareetaApplication on MacTung.local with PID 75600 (/Users/vuthanhtung/udacity/e-commerce/target/classes started by vuthanhtung in /Users/vuthanhtung/udacity/e-commerce)
2024-03-13T14:58:56.285+0700 DEBUG Running with Spring Boot v2.3.2.RELEASE, Spring v5.2.8.RELEASE
2024-03-13T14:58:56.286+0700 INFO No active profile set, falling back to default profiles: default
2024-03-13T14:59:00.786+0700 DEBUG Filter 'JWTAuthenticationVerficationFilter' configured for use
2024-03-13T14:59:01.450+0700 INFO Started SareetaApplication in 5.589 seconds (JVM running for 7.042)
2024-03-13T14:59:12.669+0700 INFO UserController.createUser - called with username tungvt14
2024-03-13T14:59:12.844+0700 INFO UserController.createUser - New user tungvt14 created
2024-03-13T15:27:01.374+0700 INFO UserController.createUser - called with username tungvt14
2024-03-13T15:27:39.708+0700 INFO UserController.createUser - called with username tungvt16
2024-03-13T15:27:39.812+0700 INFO UserController.createUser - New user tungvt16 created
2024-03-13T15:27:43.857+0700 INFO UserController.createUser - called with username tungvt16
2024-03-13T15:28:52.393+0700 INFO UserController.createUser - called with username tungvt16
2024-03-13T15:28:52.404+0700 INFO UserController.createUser - Cannot create user tungvt16 because the password is invalid
2024-03-13T15:29:11.896+0700 INFO UserController.createUser - called with username tungvt16
2024-03-13T15:29:11.899+0700 INFO UserController.createUser - Cannot create user tungvt16 because the password is invalid
2024-03-13T15:56:10.203+0700 INFO UserController.createUser - called with username tungvt17
2024-03-13T15:56:10.318+0700 INFO UserController.createUser - New user tungvt17 created
2024-03-13T15:57:18.464+0700 DEBUG Request is to process authentication
2024-03-13T15:58:14.456+0700 DEBUG Request is to process authentication
2024-03-13T16:09:46.029+0700 INFO OrderController.submit - Items is ordered success by user tungvt17
2024-03-13T16:15:46.560+0700 INFO OrderController.submit - Items is ordered success by user tungvt16
2024-03-13T16:16:03.443+0700 INFO OrderController.submit - Username tungvt200 not found
